<?xml version="1.0" encoding="UTF-8"?>
<testng-results total="1" passed="1" failed="0" skipped="0">
  <reporter-output>
  </reporter-output>
  <suite started-at="2018-03-21T16:43:54Z" name="googleSearchTestSuit" finished-at="2018-03-21T16:44:27Z" duration-ms="32986">
    <groups>
    </groups>
    <test started-at="2018-03-21T16:43:54Z" name="googleSearchTest" finished-at="2018-03-21T16:44:27Z" duration-ms="32986">
      <class name="com.framework.ui.selenium.test.BasicTestWDIT">
        <test-method is-config="true" signature="instantiateDriverObject()[pri:0, instance:com.framework.ui.selenium.test.BasicTestWDIT@4cc451f2]" started-at="2018-03-21T22:13:54Z" name="instantiateDriverObject" finished-at="2018-03-21T22:13:54Z" duration-ms="8" status="PASS">
          <reporter-output>
          </reporter-output>
        </test-method> <!-- instantiateDriverObject -->
        <test-method signature="searchUsingWorkFlowPattern()[pri:0, instance:com.framework.ui.selenium.test.BasicTestWDIT@4cc451f2]" started-at="2018-03-21T22:13:54Z" name="searchUsingWorkFlowPattern" finished-at="2018-03-21T22:14:27Z" duration-ms="32957" status="PASS">
          <reporter-output>
          </reporter-output>
        </test-method> <!-- searchUsingWorkFlowPattern -->
        <test-method is-config="true" signature="clearCookies()[pri:0, instance:com.framework.ui.selenium.test.BasicTestWDIT@4cc451f2]" started-at="2018-03-21T22:14:27Z" name="clearCookies" finished-at="2018-03-21T22:14:27Z" duration-ms="19" status="PASS">
          <reporter-output>
          </reporter-output>
        </test-method> <!-- clearCookies -->
        <test-method is-config="true" signature="clearDriverObjects()[pri:0, instance:com.framework.ui.selenium.test.BasicTestWDIT@4cc451f2]" started-at="2018-03-21T22:14:32Z" name="clearDriverObjects" finished-at="2018-03-21T22:14:32Z" duration-ms="77" status="PASS">
          <reporter-output>
          </reporter-output>
        </test-method> <!-- clearDriverObjects -->
      </class> <!-- com.framework.ui.selenium.test.BasicTestWDIT -->
    </test> <!-- googleSearchTest -->
  </suite> <!-- googleSearchTestSuit -->
</testng-results>
