<?xml version="1.0" encoding="UTF-8"?>
<testsuite xmlns:xsi="http://www.w3.org/2001/XMLSchema-instance" xsi:schemaLocation="https://maven.apache.org/surefire/maven-surefire-plugin/xsd/surefire-test-report.xsd" name="TestSuite" time="21.018" tests="6" errors="0" skipped="0" failures="0">
  <properties>
[...]
</properties>
  <testcase name="googleDravidExample" classname="com.framework.ui.selenium.test.BasicTestWDIT" time="8.597"/>
  <testcase name="googleCheeseExample" classname="com.framework.ui.selenium.test.BasicTestWDIT" time="1.057"/>
  <testcase name="googleKholiExample" classname="com.framework.ui.selenium.test.BasicTestWDIT" time="2.364"/>
  <testcase name="googleGeneralElectricExample" classname="com.framework.ui.selenium.test.BasicTestWDIT" time="0.287"/>
  <testcase name="googleMilkExample" classname="com.framework.ui.selenium.test.BasicTestWDIT" time="2.689"/>
  <testcase name="googleSachinExample" classname="com.framework.ui.selenium.test.BasicTestWDIT" time="3.059"/>
</testsuite>