<?xml version="1.0" encoding="UTF-8"?>
<!-- Generated by org.testng.reporters.JUnitXMLReporter -->
<testsuite hostname="Deepus-MacBook-Pro.local" failures="0" tests="6" name="googleSearchTest" time="15.427" errors="0" timestamp="21 Feb 2018 08:33:16 GMT">
  <testcase classname="com.framework.ui.selenium.test.BasicTestWDIT" name="googleDravidExample" time="8.596"/>
  <testcase classname="com.framework.ui.selenium.test.BasicTestWDIT" name="googleCheeseExample" time="9.666"/>
  <testcase classname="com.framework.ui.selenium.test.BasicTestWDIT" name="googleKholiExample" time="2.364"/>
  <testcase classname="com.framework.ui.selenium.test.BasicTestWDIT" name="googleGeneralElectricExample" time="3.728"/>
  <testcase classname="com.framework.ui.selenium.test.BasicTestWDIT" name="googleMilkExample" time="2.988"/>
  <testcase classname="com.framework.ui.selenium.test.BasicTestWDIT" name="googleSachinExample" time="3.059"/>
</testsuite> <!-- googleSearchTest -->
